{"/Users/ilakolmakov/kolmakov-ilya-nodejs-otus/nodejs-3/bin/index.js": {"path":"/Users/ilakolmakov/kolmakov-ilya-nodejs-otus/nodejs-3/bin/index.js","statementMap":{"0":{"start":{"line":3,"column":13},"end":{"line":3,"column":28}},"1":{"start":{"line":4,"column":26},"end":{"line":4,"column":53}},"2":{"start":{"line":7,"column":15},"end":{"line":7,"column":17}},"3":{"start":{"line":9,"column":0},"end":{"line":9,"column":33}},"4":{"start":{"line":12,"column":0},"end":{"line":12,"column":51}},"5":{"start":{"line":15,"column":14},"end":{"line":15,"column":15}},"6":{"start":{"line":16,"column":2},"end":{"line":26,"column":5}},"7":{"start":{"line":17,"column":22},"end":{"line":17,"column":36}},"8":{"start":{"line":18,"column":4},"end":{"line":25,"column":5}},"9":{"start":{"line":22,"column":6},"end":{"line":22,"column":35}},"10":{"start":{"line":24,"column":6},"end":{"line":24,"column":29}},"11":{"start":{"line":28,"column":2},"end":{"line":28,"column":15}},"12":{"start":{"line":35,"column":2},"end":{"line":37,"column":3}},"13":{"start":{"line":36,"column":4},"end":{"line":36,"column":13}},"14":{"start":{"line":39,"column":2},"end":{"line":43,"column":4}},"15":{"start":{"line":45,"column":2},"end":{"line":47,"column":5}},"16":{"start":{"line":46,"column":4},"end":{"line":46,"column":42}},"17":{"start":{"line":50,"column":13},"end":{"line":53,"column":1}},"18":{"start":{"line":55,"column":22},"end":{"line":77,"column":1}},"19":{"start":{"line":56,"column":2},"end":{"line":56,"column":40}},"20":{"start":{"line":57,"column":2},"end":{"line":76,"column":3}},"21":{"start":{"line":58,"column":4},"end":{"line":58,"column":38}},"22":{"start":{"line":59,"column":18},"end":{"line":59,"column":41}},"23":{"start":{"line":60,"column":4},"end":{"line":60,"column":32}},"24":{"start":{"line":62,"column":4},"end":{"line":73,"column":5}},"25":{"start":{"line":63,"column":23},"end":{"line":63,"column":51}},"26":{"start":{"line":64,"column":23},"end":{"line":64,"column":43}},"27":{"start":{"line":65,"column":6},"end":{"line":72,"column":7}},"28":{"start":{"line":66,"column":8},"end":{"line":66,"column":36}},"29":{"start":{"line":67,"column":8},"end":{"line":67,"column":21}},"30":{"start":{"line":68,"column":13},"end":{"line":72,"column":7}},"31":{"start":{"line":69,"column":8},"end":{"line":69,"column":49}},"32":{"start":{"line":70,"column":8},"end":{"line":70,"column":27}},"33":{"start":{"line":71,"column":8},"end":{"line":71,"column":73}},"34":{"start":{"line":75,"column":4},"end":{"line":75,"column":23}},"35":{"start":{"line":79,"column":20},"end":{"line":79,"column":59}},"36":{"start":{"line":80,"column":13},"end":{"line":80,"column":15}},"37":{"start":{"line":81,"column":0},"end":{"line":81,"column":39}},"38":{"start":{"line":82,"column":0},"end":{"line":82,"column":16}},"39":{"start":{"line":84,"column":13},"end":{"line":93,"column":1}},"40":{"start":{"line":86,"column":2},"end":{"line":86,"column":53}},"41":{"start":{"line":88,"column":2},"end":{"line":91,"column":5}},"42":{"start":{"line":89,"column":4},"end":{"line":89,"column":38}},"43":{"start":{"line":90,"column":4},"end":{"line":90,"column":133}},"44":{"start":{"line":97,"column":0},"end":{"line":102,"column":2}}},"fnMap":{"0":{"name":"_getArgList","decl":{"start":{"line":14,"column":9},"end":{"line":14,"column":20}},"loc":{"start":{"line":14,"column":28},"end":{"line":29,"column":1}},"line":14},"1":{"name":"(anonymous_1)","decl":{"start":{"line":16,"column":16},"end":{"line":16,"column":17}},"loc":{"start":{"line":16,"column":25},"end":{"line":26,"column":3}},"line":16},"2":{"name":"_printTree","decl":{"start":{"line":31,"column":9},"end":{"line":31,"column":19}},"loc":{"start":{"line":31,"column":47},"end":{"line":48,"column":1}},"line":31},"3":{"name":"(anonymous_3)","decl":{"start":{"line":45,"column":22},"end":{"line":45,"column":23}},"loc":{"start":{"line":45,"column":32},"end":{"line":47,"column":3}},"line":45},"4":{"name":"(anonymous_4)","decl":{"start":{"line":55,"column":22},"end":{"line":55,"column":23}},"loc":{"start":{"line":55,"column":58},"end":{"line":77,"column":1}},"line":55},"5":{"name":"(anonymous_5)","decl":{"start":{"line":84,"column":13},"end":{"line":84,"column":14}},"loc":{"start":{"line":84,"column":25},"end":{"line":93,"column":1}},"line":84},"6":{"name":"(anonymous_6)","decl":{"start":{"line":88,"column":13},"end":{"line":88,"column":14}},"loc":{"start":{"line":88,"column":19},"end":{"line":91,"column":3}},"line":88}},"branchMap":{"0":{"loc":{"start":{"line":18,"column":4},"end":{"line":25,"column":5}},"type":"if","locations":[{"start":{"line":18,"column":4},"end":{"line":25,"column":5}},{"start":{"line":23,"column":11},"end":{"line":25,"column":5}}],"line":18},"1":{"loc":{"start":{"line":19,"column":6},"end":{"line":20,"column":64}},"type":"binary-expr","locations":[{"start":{"line":19,"column":7},"end":{"line":19,"column":31}},{"start":{"line":19,"column":35},"end":{"line":19,"column":68}},{"start":{"line":20,"column":7},"end":{"line":20,"column":30}},{"start":{"line":20,"column":34},"end":{"line":20,"column":63}}],"line":19},"2":{"loc":{"start":{"line":31,"column":26},"end":{"line":31,"column":35}},"type":"default-arg","locations":[{"start":{"line":31,"column":34},"end":{"line":31,"column":35}}],"line":31},"3":{"loc":{"start":{"line":35,"column":2},"end":{"line":37,"column":3}},"type":"if","locations":[{"start":{"line":35,"column":2},"end":{"line":37,"column":3}},{"start":{},"end":{}}],"line":35},"4":{"loc":{"start":{"line":40,"column":7},"end":{"line":40,"column":75}},"type":"cond-expr","locations":[{"start":{"line":40,"column":16},"end":{"line":40,"column":18}},{"start":{"line":40,"column":21},"end":{"line":40,"column":75}}],"line":40},"5":{"loc":{"start":{"line":40,"column":48},"end":{"line":40,"column":74}},"type":"cond-expr","locations":[{"start":{"line":40,"column":61},"end":{"line":40,"column":66}},{"start":{"line":40,"column":69},"end":{"line":40,"column":74}}],"line":40},"6":{"loc":{"start":{"line":65,"column":6},"end":{"line":72,"column":7}},"type":"if","locations":[{"start":{"line":65,"column":6},"end":{"line":72,"column":7}},{"start":{"line":68,"column":13},"end":{"line":72,"column":7}}],"line":65},"7":{"loc":{"start":{"line":68,"column":13},"end":{"line":72,"column":7}},"type":"if","locations":[{"start":{"line":68,"column":13},"end":{"line":72,"column":7}},{"start":{},"end":{}}],"line":68},"8":{"loc":{"start":{"line":90,"column":47},"end":{"line":90,"column":81}},"type":"cond-expr","locations":[{"start":{"line":90,"column":70},"end":{"line":90,"column":75}},{"start":{"line":90,"column":78},"end":{"line":90,"column":81}}],"line":90},"9":{"loc":{"start":{"line":90,"column":104},"end":{"line":90,"column":129}},"type":"cond-expr","locations":[{"start":{"line":90,"column":121},"end":{"line":90,"column":124}},{"start":{"line":90,"column":127},"end":{"line":90,"column":129}}],"line":90}},"s":{"0":1,"1":1,"2":1,"3":1,"4":1,"5":4,"6":4,"7":6,"8":6,"9":3,"10":3,"11":4,"12":0,"13":0,"14":0,"15":0,"16":0,"17":1,"18":1,"19":3,"20":3,"21":3,"22":3,"23":1,"24":1,"25":2,"26":2,"27":2,"28":0,"29":0,"30":2,"31":2,"32":2,"33":2,"34":0,"35":1,"36":1,"37":1,"38":1,"39":1,"40":0,"41":0,"42":0,"43":0,"44":1},"f":{"0":4,"1":6,"2":0,"3":0,"4":3,"5":0,"6":0},"b":{"0":[3,3],"1":[6,1,5,2],"2":[0],"3":[0,0],"4":[0,0],"5":[0,0],"6":[0,2],"7":[2,0],"8":[0,0],"9":[0,0]},"_coverageSchema":"1a1c01bbd47fc00a2c39e90264f33305004495a9","hash":"978b71ad02e2da33aa3ba7992f7886fe3e24040d"}
}
