TN:
SF:index.js
FN:14,_getArgList
FN:16,(anonymous_1)
FN:31,_printTree
FN:45,(anonymous_3)
FN:55,(anonymous_4)
FN:84,(anonymous_5)
FN:88,(anonymous_6)
FNF:7
FNH:3
FNDA:4,_getArgList
FNDA:6,(anonymous_1)
FNDA:0,_printTree
FNDA:0,(anonymous_3)
FNDA:3,(anonymous_4)
FNDA:0,(anonymous_5)
FNDA:0,(anonymous_6)
DA:3,1
DA:4,1
DA:7,1
DA:9,1
DA:12,1
DA:15,4
DA:16,4
DA:17,6
DA:18,6
DA:22,3
DA:24,3
DA:28,4
DA:35,0
DA:36,0
DA:39,0
DA:45,0
DA:46,0
DA:50,1
DA:55,1
DA:56,3
DA:57,3
DA:58,3
DA:59,3
DA:60,1
DA:62,1
DA:63,2
DA:64,2
DA:65,2
DA:66,0
DA:67,0
DA:68,2
DA:69,2
DA:70,2
DA:71,2
DA:75,0
DA:79,1
DA:80,1
DA:81,1
DA:82,1
DA:84,1
DA:86,0
DA:88,0
DA:89,0
DA:90,0
DA:97,1
LF:45
LH:33
BRDA:18,0,0,3
BRDA:18,0,1,3
BRDA:19,1,0,6
BRDA:19,1,1,1
BRDA:19,1,2,5
BRDA:19,1,3,2
BRDA:31,2,0,0
BRDA:35,3,0,0
BRDA:35,3,1,0
BRDA:40,4,0,0
BRDA:40,4,1,0
BRDA:40,5,0,0
BRDA:40,5,1,0
BRDA:65,6,0,0
BRDA:65,6,1,2
BRDA:68,7,0,2
BRDA:68,7,1,0
BRDA:90,8,0,0
BRDA:90,8,1,0
BRDA:90,9,0,0
BRDA:90,9,1,0
BRF:21
BRH:8
end_of_record
